
2023-12-06 20:12:10
[WARN]-[Thread: XNIO-1 task-1]-[com.alibaba.druid.pool.DruidAbstractDataSource.testConnectionInternal()]: discard long time none received connection. , jdbcUrl : jdbc:mysql://localhost:3306/AdvanceManagement?characterEncoding=utf8&useSSL=false&zeroDateTimeBehavior=convertToNull, version : 1.2.8, lastPacketReceivedIdleMillis : 69354

2023-12-06 20:22:02
[WARN]-[Thread: XNIO-1 task-1]-[com.alibaba.druid.pool.DruidAbstractDataSource.testConnectionInternal()]: discard long time none received connection. , jdbcUrl : jdbc:mysql://localhost:3306/AdvanceManagement?characterEncoding=utf8&useSSL=false&zeroDateTimeBehavior=convertToNull, version : 1.2.8, lastPacketReceivedIdleMillis : 88421

2023-12-06 20:22:12
[ERROR]-[Thread: XNIO-1 task-1]-[com.jfinal.core.ActionHandler.handle()]: com.men.user.UserController.search() : /user/search
com.jfinal.plugin.activerecord.ActiveRecordException: java.sql.SQLSyntaxErrorException: Unknown column 'name' in 'where clause'
	at com.jfinal.plugin.activerecord.DbPro.find(DbPro.java:400)
	at com.jfinal.plugin.activerecord.Db.find(Db.java:292)
	at com.men.user.UserService.searchUsers(UserService.java:59)
	at com.men.user.UserController.search(UserController.java:92)
	at sun.reflect.NativeMethodAccessorImpl.invoke0(Native Method)
	at sun.reflect.NativeMethodAccessorImpl.invoke(NativeMethodAccessorImpl.java:62)
	at sun.reflect.DelegatingMethodAccessorImpl.invoke(DelegatingMethodAccessorImpl.java:43)
	at java.lang.reflect.Method.invoke(Method.java:498)
	at com.jfinal.aop.Invocation.invoke(Invocation.java:97)
	at com.men.user.UserInterceptor.intercept(UserInterceptor.java:12)
	at com.jfinal.aop.Invocation.invoke(Invocation.java:91)
	at com.jfinal.ext.interceptor.SessionInViewInterceptor.intercept(SessionInViewInterceptor.java:44)
	at com.jfinal.aop.Invocation.invoke(Invocation.java:91)
	at com.jfinal.core.ActionHandler.handle(ActionHandler.java:88)
	at com.jfinal.core.JFinalFilter.doFilter(JFinalFilter.java:90)
	at io.undertow.servlet.core.ManagedFilter.doFilter(ManagedFilter.java:61)
	at io.undertow.servlet.handlers.FilterHandler$FilterChainImpl.doFilter(FilterHandler.java:131)
	at io.undertow.servlet.handlers.FilterHandler.handleRequest(FilterHandler.java:84)
	at io.undertow.servlet.handlers.security.ServletSecurityRoleHandler.handleRequest(ServletSecurityRoleHandler.java:62)
	at io.undertow.servlet.handlers.ServletChain$1.handleRequest(ServletChain.java:68)
	at io.undertow.servlet.handlers.ServletDispatchingHandler.handleRequest(ServletDispatchingHandler.java:36)
	at io.undertow.servlet.handlers.RedirectDirHandler.handleRequest(RedirectDirHandler.java:68)
	at io.undertow.servlet.handlers.security.SSLInformationAssociationHandler.handleRequest(SSLInformationAssociationHandler.java:117)
	at io.undertow.servlet.handlers.security.ServletAuthenticationCallHandler.handleRequest(ServletAuthenticationCallHandler.java:57)
	at io.undertow.server.handlers.PredicateHandler.handleRequest(PredicateHandler.java:43)
	at io.undertow.security.handlers.AbstractConfidentialityHandler.handleRequest(AbstractConfidentialityHandler.java:46)
	at io.undertow.servlet.handlers.security.ServletConfidentialityConstraintHandler.handleRequest(ServletConfidentialityConstraintHandler.java:64)
	at io.undertow.security.handlers.AuthenticationMechanismsHandler.handleRequest(AuthenticationMechanismsHandler.java:60)
	at io.undertow.servlet.handlers.security.CachedAuthenticatedSessionHandler.handleRequest(CachedAuthenticatedSessionHandler.java:77)
	at io.undertow.security.handlers.AbstractSecurityContextAssociationHandler.handleRequest(AbstractSecurityContextAssociationHandler.java:43)
	at io.undertow.server.handlers.PredicateHandler.handleRequest(PredicateHandler.java:43)
	at io.undertow.servlet.handlers.SendErrorPageHandler.handleRequest(SendErrorPageHandler.java:52)
	at io.undertow.server.handlers.PredicateHandler.handleRequest(PredicateHandler.java:43)
	at io.undertow.servlet.handlers.SessionRestoringHandler.handleRequest(SessionRestoringHandler.java:119)
	at io.undertow.servlet.handlers.ServletInitialHandler.handleFirstRequest(ServletInitialHandler.java:275)
	at io.undertow.servlet.handlers.ServletInitialHandler.access$100(ServletInitialHandler.java:79)
	at io.undertow.servlet.handlers.ServletInitialHandler$2.call(ServletInitialHandler.java:134)
	at io.undertow.servlet.handlers.ServletInitialHandler$2.call(ServletInitialHandler.java:131)
	at io.undertow.servlet.core.ServletRequestContextThreadSetupAction$1.call(ServletRequestContextThreadSetupAction.java:48)
	at io.undertow.servlet.core.ContextClassLoaderSetupAction$1.call(ContextClassLoaderSetupAction.java:43)
	at io.undertow.servlet.handlers.ServletInitialHandler.dispatchRequest(ServletInitialHandler.java:255)
	at io.undertow.servlet.handlers.ServletInitialHandler.access$000(ServletInitialHandler.java:79)
	at io.undertow.servlet.handlers.ServletInitialHandler$1.handleRequest(ServletInitialHandler.java:100)
	at io.undertow.server.Connectors.executeRootHandler(Connectors.java:387)
	at io.undertow.server.HttpServerExchange$1.run(HttpServerExchange.java:852)
	at org.jboss.threads.ContextClassLoaderSavingRunnable.run(ContextClassLoaderSavingRunnable.java:35)
	at org.jboss.threads.EnhancedQueueExecutor.safeRun(EnhancedQueueExecutor.java:2019)
	at org.jboss.threads.EnhancedQueueExecutor$ThreadBody.doRunTask(EnhancedQueueExecutor.java:1558)
	at org.jboss.threads.EnhancedQueueExecutor$ThreadBody.run(EnhancedQueueExecutor.java:1449)
	at org.xnio.XnioWorker$WorkerThreadFactory$1$1.run(XnioWorker.java:1280)
	at java.lang.Thread.run(Thread.java:750)
Caused by: java.sql.SQLSyntaxErrorException: Unknown column 'name' in 'where clause'
	at com.mysql.cj.jdbc.exceptions.SQLError.createSQLException(SQLError.java:120)
	at com.mysql.cj.jdbc.exceptions.SQLExceptionsMapping.translateException(SQLExceptionsMapping.java:122)
	at com.mysql.cj.jdbc.ClientPreparedStatement.executeInternal(ClientPreparedStatement.java:916)
	at com.mysql.cj.jdbc.ClientPreparedStatement.executeQuery(ClientPreparedStatement.java:972)
	at com.alibaba.druid.pool.DruidPooledPreparedStatement.executeQuery(DruidPooledPreparedStatement.java:227)
	at com.jfinal.plugin.activerecord.DbPro.find(DbPro.java:384)
	at com.jfinal.plugin.activerecord.DbPro.find(DbPro.java:398)
	... 50 more

2023-12-06 20:27:29
[WARN]-[Thread: XNIO-1 task-1]-[com.alibaba.druid.pool.DruidAbstractDataSource.testConnectionInternal()]: discard long time none received connection. , jdbcUrl : jdbc:mysql://localhost:3306/AdvanceManagement?characterEncoding=utf8&useSSL=false&zeroDateTimeBehavior=convertToNull, version : 1.2.8, lastPacketReceivedIdleMillis : 316955

2023-12-06 20:29:49
[WARN]-[Thread: XNIO-1 task-1]-[com.alibaba.druid.pool.DruidAbstractDataSource.testConnectionInternal()]: discard long time none received connection. , jdbcUrl : jdbc:mysql://localhost:3306/AdvanceManagement?characterEncoding=utf8&useSSL=false&zeroDateTimeBehavior=convertToNull, version : 1.2.8, lastPacketReceivedIdleMillis : 140755

2023-12-06 20:33:17
[WARN]-[Thread: XNIO-1 task-1]-[com.jfinal.core.ActionHandler.handleActionException()]: 400 Bad Request: /user/edit/admin
Can not parse the parameter "admin" to Integer value.

2023-12-06 20:33:23
[WARN]-[Thread: XNIO-1 task-1]-[com.jfinal.core.ActionHandler.handleActionException()]: 400 Bad Request: /user/edit/admin
Can not parse the parameter "admin" to Integer value.

2023-12-06 20:35:20
[WARN]-[Thread: XNIO-1 task-1]-[com.alibaba.druid.pool.DruidAbstractDataSource.testConnectionInternal()]: discard long time none received connection. , jdbcUrl : jdbc:mysql://localhost:3306/AdvanceManagement?characterEncoding=utf8&useSSL=false&zeroDateTimeBehavior=convertToNull, version : 1.2.8, lastPacketReceivedIdleMillis : 126046

2023-12-06 20:47:36
[WARN]-[Thread: XNIO-1 task-1]-[com.alibaba.druid.pool.DruidAbstractDataSource.testConnectionInternal()]: discard long time none received connection. , jdbcUrl : jdbc:mysql://localhost:3306/AdvanceManagement?characterEncoding=utf8&useSSL=false&zeroDateTimeBehavior=convertToNull, version : 1.2.8, lastPacketReceivedIdleMillis : 70674

2023-12-06 20:48:54
[ERROR]-[Thread: XNIO-1 task-1]-[com.jfinal.core.ActionHandler.handle()]: com.men.user.UserController.search() : /user/search
com.jfinal.plugin.activerecord.ActiveRecordException: java.sql.SQLSyntaxErrorException: Unknown column 'name' in 'where clause'
	at com.jfinal.plugin.activerecord.DbPro.find(DbPro.java:400)
	at com.jfinal.plugin.activerecord.Db.find(Db.java:292)
	at com.men.user.UserService.searchUsers(UserService.java:59)
	at com.men.user.UserController.search(UserController.java:92)
	at sun.reflect.NativeMethodAccessorImpl.invoke0(Native Method)
	at sun.reflect.NativeMethodAccessorImpl.invoke(NativeMethodAccessorImpl.java:62)
	at sun.reflect.DelegatingMethodAccessorImpl.invoke(DelegatingMethodAccessorImpl.java:43)
	at java.lang.reflect.Method.invoke(Method.java:498)
	at com.jfinal.aop.Invocation.invoke(Invocation.java:97)
	at com.men.user.UserInterceptor.intercept(UserInterceptor.java:12)
	at com.jfinal.aop.Invocation.invoke(Invocation.java:91)
	at com.jfinal.ext.interceptor.SessionInViewInterceptor.intercept(SessionInViewInterceptor.java:44)
	at com.jfinal.aop.Invocation.invoke(Invocation.java:91)
	at com.jfinal.core.ActionHandler.handle(ActionHandler.java:88)
	at com.jfinal.core.JFinalFilter.doFilter(JFinalFilter.java:90)
	at io.undertow.servlet.core.ManagedFilter.doFilter(ManagedFilter.java:61)
	at io.undertow.servlet.handlers.FilterHandler$FilterChainImpl.doFilter(FilterHandler.java:131)
	at io.undertow.servlet.handlers.FilterHandler.handleRequest(FilterHandler.java:84)
	at io.undertow.servlet.handlers.security.ServletSecurityRoleHandler.handleRequest(ServletSecurityRoleHandler.java:62)
	at io.undertow.servlet.handlers.ServletChain$1.handleRequest(ServletChain.java:68)
	at io.undertow.servlet.handlers.ServletDispatchingHandler.handleRequest(ServletDispatchingHandler.java:36)
	at io.undertow.servlet.handlers.RedirectDirHandler.handleRequest(RedirectDirHandler.java:68)
	at io.undertow.servlet.handlers.security.SSLInformationAssociationHandler.handleRequest(SSLInformationAssociationHandler.java:117)
	at io.undertow.servlet.handlers.security.ServletAuthenticationCallHandler.handleRequest(ServletAuthenticationCallHandler.java:57)
	at io.undertow.server.handlers.PredicateHandler.handleRequest(PredicateHandler.java:43)
	at io.undertow.security.handlers.AbstractConfidentialityHandler.handleRequest(AbstractConfidentialityHandler.java:46)
	at io.undertow.servlet.handlers.security.ServletConfidentialityConstraintHandler.handleRequest(ServletConfidentialityConstraintHandler.java:64)
	at io.undertow.security.handlers.AuthenticationMechanismsHandler.handleRequest(AuthenticationMechanismsHandler.java:60)
	at io.undertow.servlet.handlers.security.CachedAuthenticatedSessionHandler.handleRequest(CachedAuthenticatedSessionHandler.java:77)
	at io.undertow.security.handlers.AbstractSecurityContextAssociationHandler.handleRequest(AbstractSecurityContextAssociationHandler.java:43)
	at io.undertow.server.handlers.PredicateHandler.handleRequest(PredicateHandler.java:43)
	at io.undertow.servlet.handlers.SendErrorPageHandler.handleRequest(SendErrorPageHandler.java:52)
	at io.undertow.server.handlers.PredicateHandler.handleRequest(PredicateHandler.java:43)
	at io.undertow.servlet.handlers.SessionRestoringHandler.handleRequest(SessionRestoringHandler.java:119)
	at io.undertow.servlet.handlers.ServletInitialHandler.handleFirstRequest(ServletInitialHandler.java:275)
	at io.undertow.servlet.handlers.ServletInitialHandler.access$100(ServletInitialHandler.java:79)
	at io.undertow.servlet.handlers.ServletInitialHandler$2.call(ServletInitialHandler.java:134)
	at io.undertow.servlet.handlers.ServletInitialHandler$2.call(ServletInitialHandler.java:131)
	at io.undertow.servlet.core.ServletRequestContextThreadSetupAction$1.call(ServletRequestContextThreadSetupAction.java:48)
	at io.undertow.servlet.core.ContextClassLoaderSetupAction$1.call(ContextClassLoaderSetupAction.java:43)
	at io.undertow.servlet.handlers.ServletInitialHandler.dispatchRequest(ServletInitialHandler.java:255)
	at io.undertow.servlet.handlers.ServletInitialHandler.access$000(ServletInitialHandler.java:79)
	at io.undertow.servlet.handlers.ServletInitialHandler$1.handleRequest(ServletInitialHandler.java:100)
	at io.undertow.server.Connectors.executeRootHandler(Connectors.java:387)
	at io.undertow.server.HttpServerExchange$1.run(HttpServerExchange.java:852)
	at org.jboss.threads.ContextClassLoaderSavingRunnable.run(ContextClassLoaderSavingRunnable.java:35)
	at org.jboss.threads.EnhancedQueueExecutor.safeRun(EnhancedQueueExecutor.java:2019)
	at org.jboss.threads.EnhancedQueueExecutor$ThreadBody.doRunTask(EnhancedQueueExecutor.java:1558)
	at org.jboss.threads.EnhancedQueueExecutor$ThreadBody.run(EnhancedQueueExecutor.java:1449)
	at org.xnio.XnioWorker$WorkerThreadFactory$1$1.run(XnioWorker.java:1280)
	at java.lang.Thread.run(Thread.java:750)
Caused by: java.sql.SQLSyntaxErrorException: Unknown column 'name' in 'where clause'
	at com.mysql.cj.jdbc.exceptions.SQLError.createSQLException(SQLError.java:120)
	at com.mysql.cj.jdbc.exceptions.SQLExceptionsMapping.translateException(SQLExceptionsMapping.java:122)
	at com.mysql.cj.jdbc.ClientPreparedStatement.executeInternal(ClientPreparedStatement.java:916)
	at com.mysql.cj.jdbc.ClientPreparedStatement.executeQuery(ClientPreparedStatement.java:972)
	at com.alibaba.druid.pool.DruidPooledPreparedStatement.executeQuery(DruidPooledPreparedStatement.java:227)
	at com.jfinal.plugin.activerecord.DbPro.find(DbPro.java:384)
	at com.jfinal.plugin.activerecord.DbPro.find(DbPro.java:398)
	... 50 more

2023-12-06 20:51:09
[WARN]-[Thread: XNIO-1 task-1]-[com.alibaba.druid.pool.DruidAbstractDataSource.testConnectionInternal()]: discard long time none received connection. , jdbcUrl : jdbc:mysql://localhost:3306/AdvanceManagement?characterEncoding=utf8&useSSL=false&zeroDateTimeBehavior=convertToNull, version : 1.2.8, lastPacketReceivedIdleMillis : 85962

2023-12-06 20:51:16
[ERROR]-[Thread: XNIO-1 task-1]-[com.jfinal.core.ActionHandler.handle()]: com.men.user.UserController.search() : /user/search
com.jfinal.plugin.activerecord.ActiveRecordException: java.sql.SQLSyntaxErrorException: Unknown column 'name' in 'where clause'
	at com.jfinal.plugin.activerecord.DbPro.find(DbPro.java:400)
	at com.jfinal.plugin.activerecord.Db.find(Db.java:292)
	at com.men.user.UserService.searchUsers(UserService.java:59)
	at com.men.user.UserController.search(UserController.java:92)
	at sun.reflect.NativeMethodAccessorImpl.invoke0(Native Method)
	at sun.reflect.NativeMethodAccessorImpl.invoke(NativeMethodAccessorImpl.java:62)
	at sun.reflect.DelegatingMethodAccessorImpl.invoke(DelegatingMethodAccessorImpl.java:43)
	at java.lang.reflect.Method.invoke(Method.java:498)
	at com.jfinal.aop.Invocation.invoke(Invocation.java:97)
	at com.men.user.UserInterceptor.intercept(UserInterceptor.java:12)
	at com.jfinal.aop.Invocation.invoke(Invocation.java:91)
	at com.jfinal.ext.interceptor.SessionInViewInterceptor.intercept(SessionInViewInterceptor.java:44)
	at com.jfinal.aop.Invocation.invoke(Invocation.java:91)
	at com.jfinal.core.ActionHandler.handle(ActionHandler.java:88)
	at com.jfinal.core.JFinalFilter.doFilter(JFinalFilter.java:90)
	at io.undertow.servlet.core.ManagedFilter.doFilter(ManagedFilter.java:61)
	at io.undertow.servlet.handlers.FilterHandler$FilterChainImpl.doFilter(FilterHandler.java:131)
	at io.undertow.servlet.handlers.FilterHandler.handleRequest(FilterHandler.java:84)
	at io.undertow.servlet.handlers.security.ServletSecurityRoleHandler.handleRequest(ServletSecurityRoleHandler.java:62)
	at io.undertow.servlet.handlers.ServletChain$1.handleRequest(ServletChain.java:68)
	at io.undertow.servlet.handlers.ServletDispatchingHandler.handleRequest(ServletDispatchingHandler.java:36)
	at io.undertow.servlet.handlers.RedirectDirHandler.handleRequest(RedirectDirHandler.java:68)
	at io.undertow.servlet.handlers.security.SSLInformationAssociationHandler.handleRequest(SSLInformationAssociationHandler.java:117)
	at io.undertow.servlet.handlers.security.ServletAuthenticationCallHandler.handleRequest(ServletAuthenticationCallHandler.java:57)
	at io.undertow.server.handlers.PredicateHandler.handleRequest(PredicateHandler.java:43)
	at io.undertow.security.handlers.AbstractConfidentialityHandler.handleRequest(AbstractConfidentialityHandler.java:46)
	at io.undertow.servlet.handlers.security.ServletConfidentialityConstraintHandler.handleRequest(ServletConfidentialityConstraintHandler.java:64)
	at io.undertow.security.handlers.AuthenticationMechanismsHandler.handleRequest(AuthenticationMechanismsHandler.java:60)
	at io.undertow.servlet.handlers.security.CachedAuthenticatedSessionHandler.handleRequest(CachedAuthenticatedSessionHandler.java:77)
	at io.undertow.security.handlers.AbstractSecurityContextAssociationHandler.handleRequest(AbstractSecurityContextAssociationHandler.java:43)
	at io.undertow.server.handlers.PredicateHandler.handleRequest(PredicateHandler.java:43)
	at io.undertow.servlet.handlers.SendErrorPageHandler.handleRequest(SendErrorPageHandler.java:52)
	at io.undertow.server.handlers.PredicateHandler.handleRequest(PredicateHandler.java:43)
	at io.undertow.servlet.handlers.SessionRestoringHandler.handleRequest(SessionRestoringHandler.java:119)
	at io.undertow.servlet.handlers.ServletInitialHandler.handleFirstRequest(ServletInitialHandler.java:275)
	at io.undertow.servlet.handlers.ServletInitialHandler.access$100(ServletInitialHandler.java:79)
	at io.undertow.servlet.handlers.ServletInitialHandler$2.call(ServletInitialHandler.java:134)
	at io.undertow.servlet.handlers.ServletInitialHandler$2.call(ServletInitialHandler.java:131)
	at io.undertow.servlet.core.ServletRequestContextThreadSetupAction$1.call(ServletRequestContextThreadSetupAction.java:48)
	at io.undertow.servlet.core.ContextClassLoaderSetupAction$1.call(ContextClassLoaderSetupAction.java:43)
	at io.undertow.servlet.handlers.ServletInitialHandler.dispatchRequest(ServletInitialHandler.java:255)
	at io.undertow.servlet.handlers.ServletInitialHandler.access$000(ServletInitialHandler.java:79)
	at io.undertow.servlet.handlers.ServletInitialHandler$1.handleRequest(ServletInitialHandler.java:100)
	at io.undertow.server.Connectors.executeRootHandler(Connectors.java:387)
	at io.undertow.server.HttpServerExchange$1.run(HttpServerExchange.java:852)
	at org.jboss.threads.ContextClassLoaderSavingRunnable.run(ContextClassLoaderSavingRunnable.java:35)
	at org.jboss.threads.EnhancedQueueExecutor.safeRun(EnhancedQueueExecutor.java:2019)
	at org.jboss.threads.EnhancedQueueExecutor$ThreadBody.doRunTask(EnhancedQueueExecutor.java:1558)
	at org.jboss.threads.EnhancedQueueExecutor$ThreadBody.run(EnhancedQueueExecutor.java:1449)
	at org.xnio.XnioWorker$WorkerThreadFactory$1$1.run(XnioWorker.java:1280)
	at java.lang.Thread.run(Thread.java:750)
Caused by: java.sql.SQLSyntaxErrorException: Unknown column 'name' in 'where clause'
	at com.mysql.cj.jdbc.exceptions.SQLError.createSQLException(SQLError.java:120)
	at com.mysql.cj.jdbc.exceptions.SQLExceptionsMapping.translateException(SQLExceptionsMapping.java:122)
	at com.mysql.cj.jdbc.ClientPreparedStatement.executeInternal(ClientPreparedStatement.java:916)
	at com.mysql.cj.jdbc.ClientPreparedStatement.executeQuery(ClientPreparedStatement.java:972)
	at com.alibaba.druid.pool.DruidPooledPreparedStatement.executeQuery(DruidPooledPreparedStatement.java:227)
	at com.jfinal.plugin.activerecord.DbPro.find(DbPro.java:384)
	at com.jfinal.plugin.activerecord.DbPro.find(DbPro.java:398)
	... 50 more

2023-12-06 21:00:05
[WARN]-[Thread: XNIO-1 task-1]-[com.alibaba.druid.pool.DruidAbstractDataSource.testConnectionInternal()]: discard long time none received connection. , jdbcUrl : jdbc:mysql://localhost:3306/AdvanceManagement?characterEncoding=utf8&useSSL=false&zeroDateTimeBehavior=convertToNull, version : 1.2.8, lastPacketReceivedIdleMillis : 409983

2023-12-06 21:02:37
[WARN]-[Thread: XNIO-1 task-1]-[com.alibaba.druid.pool.DruidAbstractDataSource.testConnectionInternal()]: discard long time none received connection. , jdbcUrl : jdbc:mysql://localhost:3306/AdvanceManagement?characterEncoding=utf8&useSSL=false&zeroDateTimeBehavior=convertToNull, version : 1.2.8, lastPacketReceivedIdleMillis : 143424
