
2023-12-14 17:01:52
[WARN]-[Thread: XNIO-1 task-1]-[com.alibaba.druid.pool.DruidAbstractDataSource.testConnectionInternal()]: discard long time none received connection. , jdbcUrl : jdbc:mysql://localhost:3306/AdvanceManagement?characterEncoding=utf8&useSSL=false&zeroDateTimeBehavior=convertToNull, version : 1.2.8, lastPacketReceivedIdleMillis : 150540

2023-12-14 17:03:50
[WARN]-[Thread: XNIO-1 task-1]-[com.alibaba.druid.pool.DruidAbstractDataSource.testConnectionInternal()]: discard long time none received connection. , jdbcUrl : jdbc:mysql://localhost:3306/AdvanceManagement?characterEncoding=utf8&useSSL=false&zeroDateTimeBehavior=convertToNull, version : 1.2.8, lastPacketReceivedIdleMillis : 94816

2023-12-14 17:05:01
[WARN]-[Thread: XNIO-1 task-1]-[com.alibaba.druid.pool.DruidAbstractDataSource.testConnectionInternal()]: discard long time none received connection. , jdbcUrl : jdbc:mysql://localhost:3306/AdvanceManagement?characterEncoding=utf8&useSSL=false&zeroDateTimeBehavior=convertToNull, version : 1.2.8, lastPacketReceivedIdleMillis : 71397

2023-12-14 17:07:40
[ERROR]-[Thread: XNIO-1 task-1]-[com.jfinal.core.ActionHandler.handle()]: com.men.user.UserController.add() : /user/add
com.jfinal.template.TemplateException: Can not accessed by "id" field from null target
Template: "/common/_layout.html". Line: 18
	at com.jfinal.template.expr.ast.Field.eval(Field.java:72)
	at com.jfinal.template.stat.ast.Output.exec(Output.java:49)
	at com.jfinal.template.stat.ast.StatList.exec(StatList.java:68)
	at com.jfinal.template.stat.ast.Define.call(Define.java:105)
	at com.jfinal.template.stat.ast.Call.exec(Call.java:49)
	at com.jfinal.template.stat.ast.StatList.exec(StatList.java:68)
	at com.jfinal.template.Template.render(Template.java:57)
	at com.jfinal.render.TemplateRender.render(TemplateRender.java:62)
	at com.jfinal.core.ActionHandler.handle(ActionHandler.java:113)
	at com.jfinal.core.JFinalFilter.doFilter(JFinalFilter.java:90)
	at io.undertow.servlet.core.ManagedFilter.doFilter(ManagedFilter.java:61)
	at io.undertow.servlet.handlers.FilterHandler$FilterChainImpl.doFilter(FilterHandler.java:131)
	at io.undertow.servlet.handlers.FilterHandler.handleRequest(FilterHandler.java:84)
	at io.undertow.servlet.handlers.security.ServletSecurityRoleHandler.handleRequest(ServletSecurityRoleHandler.java:62)
	at io.undertow.servlet.handlers.ServletChain$1.handleRequest(ServletChain.java:68)
	at io.undertow.servlet.handlers.ServletDispatchingHandler.handleRequest(ServletDispatchingHandler.java:36)
	at io.undertow.servlet.handlers.RedirectDirHandler.handleRequest(RedirectDirHandler.java:68)
	at io.undertow.servlet.handlers.security.SSLInformationAssociationHandler.handleRequest(SSLInformationAssociationHandler.java:117)
	at io.undertow.servlet.handlers.security.ServletAuthenticationCallHandler.handleRequest(ServletAuthenticationCallHandler.java:57)
	at io.undertow.server.handlers.PredicateHandler.handleRequest(PredicateHandler.java:43)
	at io.undertow.security.handlers.AbstractConfidentialityHandler.handleRequest(AbstractConfidentialityHandler.java:46)
	at io.undertow.servlet.handlers.security.ServletConfidentialityConstraintHandler.handleRequest(ServletConfidentialityConstraintHandler.java:64)
	at io.undertow.security.handlers.AuthenticationMechanismsHandler.handleRequest(AuthenticationMechanismsHandler.java:60)
	at io.undertow.servlet.handlers.security.CachedAuthenticatedSessionHandler.handleRequest(CachedAuthenticatedSessionHandler.java:77)
	at io.undertow.security.handlers.AbstractSecurityContextAssociationHandler.handleRequest(AbstractSecurityContextAssociationHandler.java:43)
	at io.undertow.server.handlers.PredicateHandler.handleRequest(PredicateHandler.java:43)
	at io.undertow.servlet.handlers.SendErrorPageHandler.handleRequest(SendErrorPageHandler.java:52)
	at io.undertow.server.handlers.PredicateHandler.handleRequest(PredicateHandler.java:43)
	at io.undertow.servlet.handlers.SessionRestoringHandler.handleRequest(SessionRestoringHandler.java:119)
	at io.undertow.servlet.handlers.ServletInitialHandler.handleFirstRequest(ServletInitialHandler.java:275)
	at io.undertow.servlet.handlers.ServletInitialHandler.access$100(ServletInitialHandler.java:79)
	at io.undertow.servlet.handlers.ServletInitialHandler$2.call(ServletInitialHandler.java:134)
	at io.undertow.servlet.handlers.ServletInitialHandler$2.call(ServletInitialHandler.java:131)
	at io.undertow.servlet.core.ServletRequestContextThreadSetupAction$1.call(ServletRequestContextThreadSetupAction.java:48)
	at io.undertow.servlet.core.ContextClassLoaderSetupAction$1.call(ContextClassLoaderSetupAction.java:43)
	at io.undertow.servlet.handlers.ServletInitialHandler.dispatchRequest(ServletInitialHandler.java:255)
	at io.undertow.servlet.handlers.ServletInitialHandler.access$000(ServletInitialHandler.java:79)
	at io.undertow.servlet.handlers.ServletInitialHandler$1.handleRequest(ServletInitialHandler.java:100)
	at io.undertow.server.Connectors.executeRootHandler(Connectors.java:387)
	at io.undertow.server.HttpServerExchange$1.run(HttpServerExchange.java:852)
	at org.jboss.threads.ContextClassLoaderSavingRunnable.run(ContextClassLoaderSavingRunnable.java:35)
	at org.jboss.threads.EnhancedQueueExecutor.safeRun(EnhancedQueueExecutor.java:2019)
	at org.jboss.threads.EnhancedQueueExecutor$ThreadBody.doRunTask(EnhancedQueueExecutor.java:1558)
	at org.jboss.threads.EnhancedQueueExecutor$ThreadBody.run(EnhancedQueueExecutor.java:1449)
	at org.xnio.XnioWorker$WorkerThreadFactory$1$1.run(XnioWorker.java:1280)
	at java.lang.Thread.run(Thread.java:750)

2023-12-14 18:04:58
[WARN]-[Thread: XNIO-1 task-1]-[com.alibaba.druid.pool.DruidAbstractDataSource.testConnectionInternal()]: discard long time none received connection. , jdbcUrl : jdbc:mysql://localhost:3306/AdvanceManagement?characterEncoding=utf8&useSSL=false&zeroDateTimeBehavior=convertToNull, version : 1.2.8, lastPacketReceivedIdleMillis : 79124

2023-12-14 18:14:44
[WARN]-[Thread: XNIO-1 task-4]-[com.alibaba.druid.pool.DruidAbstractDataSource.testConnectionInternal()]: discard long time none received connection. , jdbcUrl : jdbc:mysql://localhost:3306/AdvanceManagement?characterEncoding=utf8&useSSL=false&zeroDateTimeBehavior=convertToNull, version : 1.2.8, lastPacketReceivedIdleMillis : 533356

2023-12-14 18:17:21
[WARN]-[Thread: XNIO-1 task-4]-[com.alibaba.druid.pool.DruidAbstractDataSource.testConnectionInternal()]: discard long time none received connection. , jdbcUrl : jdbc:mysql://localhost:3306/AdvanceManagement?characterEncoding=utf8&useSSL=false&zeroDateTimeBehavior=convertToNull, version : 1.2.8, lastPacketReceivedIdleMillis : 157547

2023-12-14 19:02:48
[WARN]-[Thread: XNIO-1 task-4]-[com.alibaba.druid.pool.DruidAbstractDataSource.testConnectionInternal()]: discard long time none received connection. , jdbcUrl : jdbc:mysql://localhost:3306/AdvanceManagement?characterEncoding=utf8&useSSL=false&zeroDateTimeBehavior=convertToNull, version : 1.2.8, lastPacketReceivedIdleMillis : 2718886

2023-12-14 19:07:38
[WARN]-[Thread: XNIO-1 task-1]-[com.alibaba.druid.pool.DruidAbstractDataSource.testConnectionInternal()]: discard long time none received connection. , jdbcUrl : jdbc:mysql://localhost:3306/AdvanceManagement?characterEncoding=utf8&useSSL=false&zeroDateTimeBehavior=convertToNull, version : 1.2.8, lastPacketReceivedIdleMillis : 154200

2023-12-14 19:09:18
[WARN]-[Thread: XNIO-1 task-1]-[com.alibaba.druid.pool.DruidAbstractDataSource.testConnectionInternal()]: discard long time none received connection. , jdbcUrl : jdbc:mysql://localhost:3306/AdvanceManagement?characterEncoding=utf8&useSSL=false&zeroDateTimeBehavior=convertToNull, version : 1.2.8, lastPacketReceivedIdleMillis : 91275

2023-12-14 19:14:53
[WARN]-[Thread: XNIO-1 task-4]-[com.alibaba.druid.pool.DruidAbstractDataSource.testConnectionInternal()]: discard long time none received connection. , jdbcUrl : jdbc:mysql://localhost:3306/AdvanceManagement?characterEncoding=utf8&useSSL=false&zeroDateTimeBehavior=convertToNull, version : 1.2.8, lastPacketReceivedIdleMillis : 182940

2023-12-14 19:16:47
[WARN]-[Thread: XNIO-1 task-4]-[com.alibaba.druid.pool.DruidAbstractDataSource.testConnectionInternal()]: discard long time none received connection. , jdbcUrl : jdbc:mysql://localhost:3306/AdvanceManagement?characterEncoding=utf8&useSSL=false&zeroDateTimeBehavior=convertToNull, version : 1.2.8, lastPacketReceivedIdleMillis : 68609

2023-12-14 19:20:30
[WARN]-[Thread: XNIO-1 task-1]-[com.alibaba.druid.pool.DruidAbstractDataSource.testConnectionInternal()]: discard long time none received connection. , jdbcUrl : jdbc:mysql://localhost:3306/AdvanceManagement?characterEncoding=utf8&useSSL=false&zeroDateTimeBehavior=convertToNull, version : 1.2.8, lastPacketReceivedIdleMillis : 83195

2023-12-14 19:27:45
[WARN]-[Thread: XNIO-1 task-2]-[com.alibaba.druid.pool.DruidAbstractDataSource.testConnectionInternal()]: discard long time none received connection. , jdbcUrl : jdbc:mysql://localhost:3306/AdvanceManagement?characterEncoding=utf8&useSSL=false&zeroDateTimeBehavior=convertToNull, version : 1.2.8, lastPacketReceivedIdleMillis : 225538

2023-12-14 19:31:26
[WARN]-[Thread: XNIO-1 task-2]-[com.alibaba.druid.pool.DruidAbstractDataSource.testConnectionInternal()]: discard long time none received connection. , jdbcUrl : jdbc:mysql://localhost:3306/AdvanceManagement?characterEncoding=utf8&useSSL=false&zeroDateTimeBehavior=convertToNull, version : 1.2.8, lastPacketReceivedIdleMillis : 194051

2023-12-14 19:37:34
[WARN]-[Thread: XNIO-1 task-2]-[com.alibaba.druid.pool.DruidAbstractDataSource.testConnectionInternal()]: discard long time none received connection. , jdbcUrl : jdbc:mysql://localhost:3306/AdvanceManagement?characterEncoding=utf8&useSSL=false&zeroDateTimeBehavior=convertToNull, version : 1.2.8, lastPacketReceivedIdleMillis : 354316

2023-12-14 19:48:51
[WARN]-[Thread: XNIO-1 task-1]-[com.alibaba.druid.pool.DruidAbstractDataSource.testConnectionInternal()]: discard long time none received connection. , jdbcUrl : jdbc:mysql://localhost:3306/AdvanceManagement?characterEncoding=utf8&useSSL=false&zeroDateTimeBehavior=convertToNull, version : 1.2.8, lastPacketReceivedIdleMillis : 372354

2023-12-14 19:54:04
[WARN]-[Thread: XNIO-1 task-1]-[com.alibaba.druid.pool.DruidAbstractDataSource.testConnectionInternal()]: discard long time none received connection. , jdbcUrl : jdbc:mysql://localhost:3306/AdvanceManagement?characterEncoding=utf8&useSSL=false&zeroDateTimeBehavior=convertToNull, version : 1.2.8, lastPacketReceivedIdleMillis : 267010

2023-12-14 19:54:37
[ERROR]-[Thread: XNIO-1 task-1]-[com.jfinal.core.ActionHandler.handle()]: com.men.index.IndexController.register() : /register
com.jfinal.plugin.activerecord.ActiveRecordException: java.sql.SQLIntegrityConstraintViolationException: Column 'password' cannot be null
	at com.jfinal.plugin.activerecord.Model.save(Model.java:610)
	at com.men.index.IndexController.register(IndexController.java:89)
	at sun.reflect.NativeMethodAccessorImpl.invoke0(Native Method)
	at sun.reflect.NativeMethodAccessorImpl.invoke(NativeMethodAccessorImpl.java:62)
	at sun.reflect.DelegatingMethodAccessorImpl.invoke(DelegatingMethodAccessorImpl.java:43)
	at java.lang.reflect.Method.invoke(Method.java:498)
	at com.jfinal.aop.Invocation.invoke(Invocation.java:97)
	at com.jfinal.ext.interceptor.SessionInViewInterceptor.intercept(SessionInViewInterceptor.java:44)
	at com.jfinal.aop.Invocation.invoke(Invocation.java:91)
	at com.jfinal.core.ActionHandler.handle(ActionHandler.java:88)
	at com.jfinal.core.JFinalFilter.doFilter(JFinalFilter.java:90)
	at io.undertow.servlet.core.ManagedFilter.doFilter(ManagedFilter.java:61)
	at io.undertow.servlet.handlers.FilterHandler$FilterChainImpl.doFilter(FilterHandler.java:131)
	at io.undertow.servlet.handlers.FilterHandler.handleRequest(FilterHandler.java:84)
	at io.undertow.servlet.handlers.security.ServletSecurityRoleHandler.handleRequest(ServletSecurityRoleHandler.java:62)
	at io.undertow.servlet.handlers.ServletChain$1.handleRequest(ServletChain.java:68)
	at io.undertow.servlet.handlers.ServletDispatchingHandler.handleRequest(ServletDispatchingHandler.java:36)
	at io.undertow.servlet.handlers.RedirectDirHandler.handleRequest(RedirectDirHandler.java:68)
	at io.undertow.servlet.handlers.security.SSLInformationAssociationHandler.handleRequest(SSLInformationAssociationHandler.java:117)
	at io.undertow.servlet.handlers.security.ServletAuthenticationCallHandler.handleRequest(ServletAuthenticationCallHandler.java:57)
	at io.undertow.server.handlers.PredicateHandler.handleRequest(PredicateHandler.java:43)
	at io.undertow.security.handlers.AbstractConfidentialityHandler.handleRequest(AbstractConfidentialityHandler.java:46)
	at io.undertow.servlet.handlers.security.ServletConfidentialityConstraintHandler.handleRequest(ServletConfidentialityConstraintHandler.java:64)
	at io.undertow.security.handlers.AuthenticationMechanismsHandler.handleRequest(AuthenticationMechanismsHandler.java:60)
	at io.undertow.servlet.handlers.security.CachedAuthenticatedSessionHandler.handleRequest(CachedAuthenticatedSessionHandler.java:77)
	at io.undertow.security.handlers.AbstractSecurityContextAssociationHandler.handleRequest(AbstractSecurityContextAssociationHandler.java:43)
	at io.undertow.server.handlers.PredicateHandler.handleRequest(PredicateHandler.java:43)
	at io.undertow.servlet.handlers.SendErrorPageHandler.handleRequest(SendErrorPageHandler.java:52)
	at io.undertow.server.handlers.PredicateHandler.handleRequest(PredicateHandler.java:43)
	at io.undertow.servlet.handlers.SessionRestoringHandler.handleRequest(SessionRestoringHandler.java:119)
	at io.undertow.servlet.handlers.ServletInitialHandler.handleFirstRequest(ServletInitialHandler.java:275)
	at io.undertow.servlet.handlers.ServletInitialHandler.access$100(ServletInitialHandler.java:79)
	at io.undertow.servlet.handlers.ServletInitialHandler$2.call(ServletInitialHandler.java:134)
	at io.undertow.servlet.handlers.ServletInitialHandler$2.call(ServletInitialHandler.java:131)
	at io.undertow.servlet.core.ServletRequestContextThreadSetupAction$1.call(ServletRequestContextThreadSetupAction.java:48)
	at io.undertow.servlet.core.ContextClassLoaderSetupAction$1.call(ContextClassLoaderSetupAction.java:43)
	at io.undertow.servlet.handlers.ServletInitialHandler.dispatchRequest(ServletInitialHandler.java:255)
	at io.undertow.servlet.handlers.ServletInitialHandler.access$000(ServletInitialHandler.java:79)
	at io.undertow.servlet.handlers.ServletInitialHandler$1.handleRequest(ServletInitialHandler.java:100)
	at io.undertow.server.Connectors.executeRootHandler(Connectors.java:387)
	at io.undertow.server.HttpServerExchange$1.run(HttpServerExchange.java:852)
	at org.jboss.threads.ContextClassLoaderSavingRunnable.run(ContextClassLoaderSavingRunnable.java:35)
	at org.jboss.threads.EnhancedQueueExecutor.safeRun(EnhancedQueueExecutor.java:2019)
	at org.jboss.threads.EnhancedQueueExecutor$ThreadBody.doRunTask(EnhancedQueueExecutor.java:1558)
	at org.jboss.threads.EnhancedQueueExecutor$ThreadBody.run(EnhancedQueueExecutor.java:1449)
	at org.xnio.XnioWorker$WorkerThreadFactory$1$1.run(XnioWorker.java:1280)
	at java.lang.Thread.run(Thread.java:750)
Caused by: java.sql.SQLIntegrityConstraintViolationException: Column 'password' cannot be null
	at com.mysql.cj.jdbc.exceptions.SQLError.createSQLException(SQLError.java:117)
	at com.mysql.cj.jdbc.exceptions.SQLExceptionsMapping.translateException(SQLExceptionsMapping.java:122)
	at com.mysql.cj.jdbc.ClientPreparedStatement.executeInternal(ClientPreparedStatement.java:916)
	at com.mysql.cj.jdbc.ClientPreparedStatement.executeUpdateInternal(ClientPreparedStatement.java:1061)
	at com.mysql.cj.jdbc.ClientPreparedStatement.executeUpdateInternal(ClientPreparedStatement.java:1009)
	at com.mysql.cj.jdbc.ClientPreparedStatement.executeLargeUpdate(ClientPreparedStatement.java:1320)
	at com.mysql.cj.jdbc.ClientPreparedStatement.executeUpdate(ClientPreparedStatement.java:994)
	at com.alibaba.druid.pool.DruidPooledPreparedStatement.executeUpdate(DruidPooledPreparedStatement.java:255)
	at com.jfinal.plugin.activerecord.Model.save(Model.java:605)
	... 46 more

2023-12-14 19:54:39
[ERROR]-[Thread: XNIO-1 task-1]-[com.jfinal.core.ActionHandler.handle()]: com.men.index.IndexController.register() : /register
com.jfinal.plugin.activerecord.ActiveRecordException: java.sql.SQLIntegrityConstraintViolationException: Column 'password' cannot be null
	at com.jfinal.plugin.activerecord.Model.save(Model.java:610)
	at com.men.index.IndexController.register(IndexController.java:89)
	at sun.reflect.NativeMethodAccessorImpl.invoke0(Native Method)
	at sun.reflect.NativeMethodAccessorImpl.invoke(NativeMethodAccessorImpl.java:62)
	at sun.reflect.DelegatingMethodAccessorImpl.invoke(DelegatingMethodAccessorImpl.java:43)
	at java.lang.reflect.Method.invoke(Method.java:498)
	at com.jfinal.aop.Invocation.invoke(Invocation.java:97)
	at com.jfinal.ext.interceptor.SessionInViewInterceptor.intercept(SessionInViewInterceptor.java:44)
	at com.jfinal.aop.Invocation.invoke(Invocation.java:91)
	at com.jfinal.core.ActionHandler.handle(ActionHandler.java:88)
	at com.jfinal.core.JFinalFilter.doFilter(JFinalFilter.java:90)
	at io.undertow.servlet.core.ManagedFilter.doFilter(ManagedFilter.java:61)
	at io.undertow.servlet.handlers.FilterHandler$FilterChainImpl.doFilter(FilterHandler.java:131)
	at io.undertow.servlet.handlers.FilterHandler.handleRequest(FilterHandler.java:84)
	at io.undertow.servlet.handlers.security.ServletSecurityRoleHandler.handleRequest(ServletSecurityRoleHandler.java:62)
	at io.undertow.servlet.handlers.ServletChain$1.handleRequest(ServletChain.java:68)
	at io.undertow.servlet.handlers.ServletDispatchingHandler.handleRequest(ServletDispatchingHandler.java:36)
	at io.undertow.servlet.handlers.RedirectDirHandler.handleRequest(RedirectDirHandler.java:68)
	at io.undertow.servlet.handlers.security.SSLInformationAssociationHandler.handleRequest(SSLInformationAssociationHandler.java:117)
	at io.undertow.servlet.handlers.security.ServletAuthenticationCallHandler.handleRequest(ServletAuthenticationCallHandler.java:57)
	at io.undertow.server.handlers.PredicateHandler.handleRequest(PredicateHandler.java:43)
	at io.undertow.security.handlers.AbstractConfidentialityHandler.handleRequest(AbstractConfidentialityHandler.java:46)
	at io.undertow.servlet.handlers.security.ServletConfidentialityConstraintHandler.handleRequest(ServletConfidentialityConstraintHandler.java:64)
	at io.undertow.security.handlers.AuthenticationMechanismsHandler.handleRequest(AuthenticationMechanismsHandler.java:60)
	at io.undertow.servlet.handlers.security.CachedAuthenticatedSessionHandler.handleRequest(CachedAuthenticatedSessionHandler.java:77)
	at io.undertow.security.handlers.AbstractSecurityContextAssociationHandler.handleRequest(AbstractSecurityContextAssociationHandler.java:43)
	at io.undertow.server.handlers.PredicateHandler.handleRequest(PredicateHandler.java:43)
	at io.undertow.servlet.handlers.SendErrorPageHandler.handleRequest(SendErrorPageHandler.java:52)
	at io.undertow.server.handlers.PredicateHandler.handleRequest(PredicateHandler.java:43)
	at io.undertow.servlet.handlers.SessionRestoringHandler.handleRequest(SessionRestoringHandler.java:119)
	at io.undertow.servlet.handlers.ServletInitialHandler.handleFirstRequest(ServletInitialHandler.java:275)
	at io.undertow.servlet.handlers.ServletInitialHandler.access$100(ServletInitialHandler.java:79)
	at io.undertow.servlet.handlers.ServletInitialHandler$2.call(ServletInitialHandler.java:134)
	at io.undertow.servlet.handlers.ServletInitialHandler$2.call(ServletInitialHandler.java:131)
	at io.undertow.servlet.core.ServletRequestContextThreadSetupAction$1.call(ServletRequestContextThreadSetupAction.java:48)
	at io.undertow.servlet.core.ContextClassLoaderSetupAction$1.call(ContextClassLoaderSetupAction.java:43)
	at io.undertow.servlet.handlers.ServletInitialHandler.dispatchRequest(ServletInitialHandler.java:255)
	at io.undertow.servlet.handlers.ServletInitialHandler.access$000(ServletInitialHandler.java:79)
	at io.undertow.servlet.handlers.ServletInitialHandler$1.handleRequest(ServletInitialHandler.java:100)
	at io.undertow.server.Connectors.executeRootHandler(Connectors.java:387)
	at io.undertow.server.HttpServerExchange$1.run(HttpServerExchange.java:852)
	at org.jboss.threads.ContextClassLoaderSavingRunnable.run(ContextClassLoaderSavingRunnable.java:35)
	at org.jboss.threads.EnhancedQueueExecutor.safeRun(EnhancedQueueExecutor.java:2019)
	at org.jboss.threads.EnhancedQueueExecutor$ThreadBody.doRunTask(EnhancedQueueExecutor.java:1558)
	at org.jboss.threads.EnhancedQueueExecutor$ThreadBody.run(EnhancedQueueExecutor.java:1449)
	at org.xnio.XnioWorker$WorkerThreadFactory$1$1.run(XnioWorker.java:1280)
	at java.lang.Thread.run(Thread.java:750)
Caused by: java.sql.SQLIntegrityConstraintViolationException: Column 'password' cannot be null
	at com.mysql.cj.jdbc.exceptions.SQLError.createSQLException(SQLError.java:117)
	at com.mysql.cj.jdbc.exceptions.SQLExceptionsMapping.translateException(SQLExceptionsMapping.java:122)
	at com.mysql.cj.jdbc.ClientPreparedStatement.executeInternal(ClientPreparedStatement.java:916)
	at com.mysql.cj.jdbc.ClientPreparedStatement.executeUpdateInternal(ClientPreparedStatement.java:1061)
	at com.mysql.cj.jdbc.ClientPreparedStatement.executeUpdateInternal(ClientPreparedStatement.java:1009)
	at com.mysql.cj.jdbc.ClientPreparedStatement.executeLargeUpdate(ClientPreparedStatement.java:1320)
	at com.mysql.cj.jdbc.ClientPreparedStatement.executeUpdate(ClientPreparedStatement.java:994)
	at com.alibaba.druid.pool.DruidPooledPreparedStatement.executeUpdate(DruidPooledPreparedStatement.java:255)
	at com.jfinal.plugin.activerecord.Model.save(Model.java:605)
	... 46 more

2023-12-14 19:57:49
[WARN]-[Thread: XNIO-1 task-1]-[com.alibaba.druid.pool.DruidAbstractDataSource.testConnectionInternal()]: discard long time none received connection. , jdbcUrl : jdbc:mysql://localhost:3306/AdvanceManagement?characterEncoding=utf8&useSSL=false&zeroDateTimeBehavior=convertToNull, version : 1.2.8, lastPacketReceivedIdleMillis : 84876

2023-12-14 20:02:14
[WARN]-[Thread: XNIO-1 task-1]-[com.alibaba.druid.pool.DruidAbstractDataSource.testConnectionInternal()]: discard long time none received connection. , jdbcUrl : jdbc:mysql://localhost:3306/AdvanceManagement?characterEncoding=utf8&useSSL=false&zeroDateTimeBehavior=convertToNull, version : 1.2.8, lastPacketReceivedIdleMillis : 107111

2023-12-14 20:08:08
[WARN]-[Thread: XNIO-1 task-1]-[com.alibaba.druid.pool.DruidAbstractDataSource.testConnectionInternal()]: discard long time none received connection. , jdbcUrl : jdbc:mysql://localhost:3306/AdvanceManagement?characterEncoding=utf8&useSSL=false&zeroDateTimeBehavior=convertToNull, version : 1.2.8, lastPacketReceivedIdleMillis : 206815

2023-12-14 20:11:11
[WARN]-[Thread: XNIO-1 task-1]-[com.alibaba.druid.pool.DruidAbstractDataSource.testConnectionInternal()]: discard long time none received connection. , jdbcUrl : jdbc:mysql://localhost:3306/AdvanceManagement?characterEncoding=utf8&useSSL=false&zeroDateTimeBehavior=convertToNull, version : 1.2.8, lastPacketReceivedIdleMillis : 165522

2023-12-14 20:16:42
[WARN]-[Thread: XNIO-1 task-1]-[com.alibaba.druid.pool.DruidAbstractDataSource.testConnectionInternal()]: discard long time none received connection. , jdbcUrl : jdbc:mysql://localhost:3306/AdvanceManagement?characterEncoding=utf8&useSSL=false&zeroDateTimeBehavior=convertToNull, version : 1.2.8, lastPacketReceivedIdleMillis : 318907

2023-12-14 20:17:44
[WARN]-[Thread: XNIO-1 task-1]-[com.alibaba.druid.pool.DruidAbstractDataSource.testConnectionInternal()]: discard long time none received connection. , jdbcUrl : jdbc:mysql://localhost:3306/AdvanceManagement?characterEncoding=utf8&useSSL=false&zeroDateTimeBehavior=convertToNull, version : 1.2.8, lastPacketReceivedIdleMillis : 61948

2023-12-14 20:21:12
[WARN]-[Thread: XNIO-1 task-1]-[com.alibaba.druid.pool.DruidAbstractDataSource.testConnectionInternal()]: discard long time none received connection. , jdbcUrl : jdbc:mysql://localhost:3306/AdvanceManagement?characterEncoding=utf8&useSSL=false&zeroDateTimeBehavior=convertToNull, version : 1.2.8, lastPacketReceivedIdleMillis : 207626

2023-12-14 20:33:09
[WARN]-[Thread: XNIO-1 task-1]-[com.alibaba.druid.pool.DruidAbstractDataSource.testConnectionInternal()]: discard long time none received connection. , jdbcUrl : jdbc:mysql://localhost:3306/AdvanceManagement?characterEncoding=utf8&useSSL=false&zeroDateTimeBehavior=convertToNull, version : 1.2.8, lastPacketReceivedIdleMillis : 717538
